# JRE version: OpenJDK Runtime Environment (21.0.1+12) (build 21.0.1+12-29)
# Java VM: OpenJDK 64-Bit Server VM (21.0.1+12-29, mixed mode, emulated-client, sharing, tiered, compressed oops, compressed class ptrs, g1 gc, windows-amd64)
GC Precious Log:
 CardTable entry size: 512
 Card Set container configuration: InlinePtr #cards 5 size 8 Array Of Cards #cards 12 size 40 Howl #buckets 4 coarsen threshold 1843 Howl Bitmap #cards 512 size 80 coarsen threshold 460 Card regions per heap region 1 cards per card region 2048
 CPUs: 8 total, 8 available
 Memory: 7991M
 Large Page Support: Disabled
 NUMA Support: Disabled
 Compressed Oops: Enabled (32-bit)
 Heap Region Size: 1M
 Heap Min Capacity: 8M
 Heap Initial Capacity: 126M
 Heap Max Capacity: 1998M
 Pre-touch: Disabled
 Parallel Workers: 8
 Concurrent Workers: 2
 Concurrent Refinement Workers: 8
 Periodic GC: Disabled
Heap:
 garbage-first heap   total 61440K, used 23892K [0x0000000083200000, 0x0000000100000000)
  region size 1024K, 3 young (3072K), 3 survivors (3072K)
 Metaspace       used 55000K, committed 55744K, reserved 1114112K
  class space    used 7815K, committed 8128K, reserved 1048576K
GC Heap History (19 events):
Event: 0.532 GC heap before
{Heap before GC invocations=0 (full 0):
 garbage-first heap   total 129024K, used 23552K [0x0000000083200000, 0x0000000100000000)
  region size 1024K, 23 young (23552K), 0 survivors (0K)
 Metaspace       used 7229K, committed 7488K, reserved 1114112K
  class space    used 886K, committed 1024K, reserved 1048576K
}
Event: 0.537 GC heap after
{Heap after GC invocations=1 (full 0):
 garbage-first heap   total 129024K, used 7466K [0x0000000083200000, 0x0000000100000000)
  region size 1024K, 3 young (3072K), 3 survivors (3072K)
 Metaspace       used 7229K, committed 7488K, reserved 1114112K
  class space    used 886K, committed 1024K, reserved 1048576K
}
Event: 0.889 GC heap before
{Heap before GC invocations=1 (full 0):
 garbage-first heap   total 129024K, used 35114K [0x0000000083200000, 0x0000000100000000)
  region size 1024K, 31 young (31744K), 3 survivors (3072K)
 Metaspace       used 13890K, committed 14208K, reserved 1114112K
  class space    used 1799K, committed 1920K, reserved 1048576K
}
Event: 0.893 GC heap after
{Heap after GC invocations=2 (full 0):
 garbage-first heap   total 129024K, used 10127K [0x0000000083200000, 0x0000000100000000)
  region size 1024K, 3 young (3072K), 3 survivors (3072K)
 Metaspace       used 13890K, committed 14208K, reserved 1114112K
  class space    used 1799K, committed 1920K, reserved 1048576K
}
Event: 1.146 GC heap before
{Heap before GC invocations=2 (full 0):
 garbage-first heap   total 129024K, used 42895K [0x0000000083200000, 0x0000000100000000)
  region size 1024K, 37 young (37888K), 3 survivors (3072K)
 Metaspace       used 20391K, committed 20672K, reserved 1114112K
  class space    used 2675K, committed 2816K, reserved 1048576K
}
Event: 1.152 GC heap after
{Heap after GC invocations=3 (full 0):
 garbage-first heap   total 129024K, used 13482K [0x0000000083200000, 0x0000000100000000)
  region size 1024K, 6 young (6144K), 6 survivors (6144K)
 Metaspace       used 20391K, committed 20672K, reserved 1114112K
  class space    used 2675K, committed 2816K, reserved 1048576K
}
Event: 1.452 GC heap before
{Heap before GC invocations=4 (full 0):
 garbage-first heap   total 51200K, used 38058K [0x0000000083200000, 0x0000000100000000)
  region size 1024K, 30 young (30720K), 6 survivors (6144K)
 Metaspace       used 23076K, committed 23488K, reserved 1114112K
  class space    used 3082K, committed 3264K, reserved 1048576K
}
Event: 1.461 GC heap after
{Heap after GC invocations=5 (full 0):
 garbage-first heap   total 51200K, used 14662K [0x0000000083200000, 0x0000000100000000)
  region size 1024K, 2 young (2048K), 2 survivors (2048K)
 Metaspace       used 23076K, committed 23488K, reserved 1114112K
  class space    used 3082K, committed 3264K, reserved 1048576K
}
Event: 1.771 GC heap before
{Heap before GC invocations=5 (full 0):
 garbage-first heap   total 51200K, used 39238K [0x0000000083200000, 0x0000000100000000)
  region size 1024K, 26 young (26624K), 2 survivors (2048K)
 Metaspace       used 26769K, committed 27264K, reserved 1114112K
  class space    used 3685K, committed 3904K, reserved 1048576K
}
Event: 1.777 GC heap after
{Heap after GC invocations=6 (full 0):
 garbage-first heap   total 51200K, used 17150K [0x0000000083200000, 0x0000000100000000)
  region size 1024K, 4 young (4096K), 4 survivors (4096K)
 Metaspace       used 26769K, committed 27264K, reserved 1114112K
  class space    used 3685K, committed 3904K, reserved 1048576K
}
Event: 2.026 GC heap before
{Heap before GC invocations=6 (full 0):
 garbage-first heap   total 51200K, used 40702K [0x0000000083200000, 0x0000000100000000)
  region size 1024K, 27 young (27648K), 4 survivors (4096K)
 Metaspace       used 30635K, committed 31232K, reserved 1114112K
  class space    used 4158K, committed 4416K, reserved 1048576K
}
Event: 2.035 GC heap after
{Heap after GC invocations=7 (full 0):
 garbage-first heap   total 61440K, used 19301K [0x0000000083200000, 0x0000000100000000)
  region size 1024K, 2 young (2048K), 2 survivors (2048K)
 Metaspace       used 30635K, committed 31232K, reserved 1114112K
  class space    used 4158K, committed 4416K, reserved 1048576K
}
Event: 2.208 GC heap before
{Heap before GC invocations=7 (full 0):
 garbage-first heap   total 61440K, used 34661K [0x0000000083200000, 0x0000000100000000)
  region size 1024K, 18 young (18432K), 2 survivors (2048K)
 Metaspace       used 34031K, committed 34560K, reserved 1114112K
  class space    used 4686K, committed 4928K, reserved 1048576K
}
Event: 2.213 GC heap after
{Heap after GC invocations=8 (full 0):
 garbage-first heap   total 61440K, used 19754K [0x0000000083200000, 0x0000000100000000)
  region size 1024K, 3 young (3072K), 3 survivors (3072K)
 Metaspace       used 34031K, committed 34560K, reserved 1114112K
  class space    used 4686K, committed 4928K, reserved 1048576K
}
Event: 2.637 GC heap before
{Heap before GC invocations=9 (full 0):
 garbage-first heap   total 61440K, used 51498K [0x0000000083200000, 0x0000000100000000)
  region size 1024K, 34 young (34816K), 3 survivors (3072K)
 Metaspace       used 41312K, committed 41984K, reserved 1114112K
  class space    used 5768K, committed 6080K, reserved 1048576K
}
Event: 2.642 GC heap after
{Heap after GC invocations=10 (full 0):
 garbage-first heap   total 61440K, used 21349K [0x0000000083200000, 0x0000000100000000)
  region size 1024K, 4 young (4096K), 4 survivors (4096K)
 Metaspace       used 41312K, committed 41984K, reserved 1114112K
  class space    used 5768K, committed 6080K, reserved 1048576K
}
Event: 3.052 GC heap before
{Heap before GC invocations=10 (full 0):
 garbage-first heap   total 61440K, used 53093K [0x0000000083200000, 0x0000000100000000)
  region size 1024K, 35 young (35840K), 4 survivors (4096K)
 Metaspace       used 48967K, committed 49600K, reserved 1114112K
  class space    used 6899K, committed 7168K, reserved 1048576K
}
Event: 3.060 GC heap after
{Heap after GC invocations=11 (full 0):
 garbage-first heap   total 61440K, used 22608K [0x0000000083200000, 0x0000000100000000)
  region size 1024K, 4 young (4096K), 4 survivors (4096K)
 Metaspace       used 48967K, committed 49600K, reserved 1114112K
  class space    used 6899K, committed 7168K, reserved 1048576K
}
Event: 3.486 GC heap before
{Heap before GC invocations=11 (full 0):
 garbage-first heap   total 61440K, used 53328K [0x0000000083200000, 0x0000000100000000)
  region size 1024K, 34 young (34816K), 4 survivors (4096K)
 Metaspace       used 55000K, committed 55744K, reserved 1114112K
  class space    used 7815K, committed 8128K, reserved 1048576K
}

