# JRE version: OpenJDK Runtime Environment (21.0.1+12) (build 21.0.1+12-29)
# Java VM: OpenJDK 64-Bit Server VM (21.0.1+12-29, mixed mode, emulated-client, sharing, tiered, compressed oops, compressed class ptrs, g1 gc, windows-amd64)
GC Precious Log:
 CardTable entry size: 512
 Card Set container configuration: InlinePtr #cards 5 size 8 Array Of Cards #cards 12 size 40 Howl #buckets 4 coarsen threshold 1843 Howl Bitmap #cards 512 size 80 coarsen threshold 460 Card regions per heap region 1 cards per card region 2048
 CPUs: 8 total, 8 available
 Memory: 7991M
 Large Page Support: Disabled
 NUMA Support: Disabled
 Compressed Oops: Enabled (32-bit)
 Heap Region Size: 1M
 Heap Min Capacity: 8M
 Heap Initial Capacity: 126M
 Heap Max Capacity: 1998M
 Pre-touch: Disabled
 Parallel Workers: 8
 Concurrent Workers: 2
 Concurrent Refinement Workers: 8
 Periodic GC: Disabled
Heap:
 garbage-first heap   total 51200K, used 19677K [0x0000000083200000, 0x0000000100000000)
  region size 1024K, 3 young (3072K), 3 survivors (3072K)
 Metaspace       used 30071K, committed 30656K, reserved 1114112K
  class space    used 4096K, committed 4352K, reserved 1048576K
GC Heap History (11 events):
Event: 0.664 GC heap before
{Heap before GC invocations=0 (full 0):
 garbage-first heap   total 129024K, used 23552K [0x0000000083200000, 0x0000000100000000)
  region size 1024K, 23 young (23552K), 0 survivors (0K)
 Metaspace       used 7287K, committed 7552K, reserved 1114112K
  class space    used 895K, committed 1024K, reserved 1048576K
}
Event: 0.670 GC heap after
{Heap after GC invocations=1 (full 0):
 garbage-first heap   total 129024K, used 7253K [0x0000000083200000, 0x0000000100000000)
  region size 1024K, 3 young (3072K), 3 survivors (3072K)
 Metaspace       used 7287K, committed 7552K, reserved 1114112K
  class space    used 895K, committed 1024K, reserved 1048576K
}
Event: 1.170 GC heap before
{Heap before GC invocations=1 (full 0):
 garbage-first heap   total 129024K, used 35925K [0x0000000083200000, 0x0000000100000000)
  region size 1024K, 31 young (31744K), 3 survivors (3072K)
 Metaspace       used 14500K, committed 14912K, reserved 1114112K
  class space    used 1873K, committed 2048K, reserved 1048576K
}
Event: 1.176 GC heap after
{Heap after GC invocations=2 (full 0):
 garbage-first heap   total 129024K, used 10085K [0x0000000083200000, 0x0000000100000000)
  region size 1024K, 3 young (3072K), 3 survivors (3072K)
 Metaspace       used 14500K, committed 14912K, reserved 1114112K
  class space    used 1873K, committed 2048K, reserved 1048576K
}
Event: 1.518 GC heap before
{Heap before GC invocations=2 (full 0):
 garbage-first heap   total 129024K, used 41829K [0x0000000083200000, 0x0000000100000000)
  region size 1024K, 36 young (36864K), 3 survivors (3072K)
 Metaspace       used 20353K, committed 20672K, reserved 1114112K
  class space    used 2673K, committed 2816K, reserved 1048576K
}
Event: 1.526 GC heap after
{Heap after GC invocations=3 (full 0):
 garbage-first heap   total 129024K, used 13418K [0x0000000083200000, 0x0000000100000000)
  region size 1024K, 6 young (6144K), 6 survivors (6144K)
 Metaspace       used 20353K, committed 20672K, reserved 1114112K
  class space    used 2673K, committed 2816K, reserved 1048576K
}
Event: 1.969 GC heap before
{Heap before GC invocations=4 (full 0):
 garbage-first heap   total 51200K, used 37994K [0x0000000083200000, 0x0000000100000000)
  region size 1024K, 30 young (30720K), 6 survivors (6144K)
 Metaspace       used 22995K, committed 23296K, reserved 1114112K
  class space    used 3066K, committed 3200K, reserved 1048576K
}
Event: 1.977 GC heap after
{Heap after GC invocations=5 (full 0):
 garbage-first heap   total 51200K, used 14614K [0x0000000083200000, 0x0000000100000000)
  region size 1024K, 2 young (2048K), 2 survivors (2048K)
 Metaspace       used 22995K, committed 23296K, reserved 1114112K
  class space    used 3066K, committed 3200K, reserved 1048576K
}
Event: 2.320 GC heap before
{Heap before GC invocations=5 (full 0):
 garbage-first heap   total 51200K, used 38166K [0x0000000083200000, 0x0000000100000000)
  region size 1024K, 25 young (25600K), 2 survivors (2048K)
 Metaspace       used 26564K, committed 27136K, reserved 1114112K
  class space    used 3639K, committed 3904K, reserved 1048576K
}
Event: 2.327 GC heap after
{Heap after GC invocations=6 (full 0):
 garbage-first heap   total 51200K, used 17135K [0x0000000083200000, 0x0000000100000000)
  region size 1024K, 4 young (4096K), 4 survivors (4096K)
 Metaspace       used 26564K, committed 27136K, reserved 1114112K
  class space    used 3639K, committed 3904K, reserved 1048576K
}
Event: 2.618 GC heap before
{Heap before GC invocations=6 (full 0):
 garbage-first heap   total 51200K, used 40687K [0x0000000083200000, 0x0000000100000000)
  region size 1024K, 27 young (27648K), 4 survivors (4096K)
 Metaspace       used 30071K, committed 30656K, reserved 1114112K
  class space    used 4096K, committed 4352K, reserved 1048576K
}

