# JRE version: OpenJDK Runtime Environment (21.0.1+12) (build 21.0.1+12-29)
# Java VM: OpenJDK 64-Bit Server VM (21.0.1+12-29, mixed mode, emulated-client, sharing, tiered, compressed oops, compressed class ptrs, g1 gc, windows-amd64)
GC Precious Log:
 CardTable entry size: 512
 Card Set container configuration: InlinePtr #cards 5 size 8 Array Of Cards #cards 12 size 40 Howl #buckets 4 coarsen threshold 1843 Howl Bitmap #cards 512 size 80 coarsen threshold 460 Card regions per heap region 1 cards per card region 2048
 CPUs: 8 total, 8 available
 Memory: 7991M
 Large Page Support: Disabled
 NUMA Support: Disabled
 Compressed Oops: Enabled (32-bit)
 Heap Region Size: 1M
 Heap Min Capacity: 8M
 Heap Initial Capacity: 126M
 Heap Max Capacity: 1998M
 Pre-touch: Disabled
 Parallel Workers: 8
 Concurrent Workers: 2
 Concurrent Refinement Workers: 8
 Periodic GC: Disabled
Heap:
 garbage-first heap   total 61440K, used 23775K [0x0000000083200000, 0x0000000100000000)
  region size 1024K, 3 young (3072K), 3 survivors (3072K)
 Metaspace       used 55208K, committed 55872K, reserved 1114112K
  class space    used 7840K, committed 8128K, reserved 1048576K
GC Heap History (19 events):
Event: 0.529 GC heap before
{Heap before GC invocations=0 (full 0):
 garbage-first heap   total 129024K, used 23552K [0x0000000083200000, 0x0000000100000000)
  region size 1024K, 23 young (23552K), 0 survivors (0K)
 Metaspace       used 7374K, committed 7616K, reserved 1114112K
  class space    used 910K, committed 1024K, reserved 1048576K
}
Event: 0.534 GC heap after
{Heap after GC invocations=1 (full 0):
 garbage-first heap   total 129024K, used 7295K [0x0000000083200000, 0x0000000100000000)
  region size 1024K, 3 young (3072K), 3 survivors (3072K)
 Metaspace       used 7374K, committed 7616K, reserved 1114112K
  class space    used 910K, committed 1024K, reserved 1048576K
}
Event: 0.882 GC heap before
{Heap before GC invocations=1 (full 0):
 garbage-first heap   total 129024K, used 33919K [0x0000000083200000, 0x0000000100000000)
  region size 1024K, 30 young (30720K), 3 survivors (3072K)
 Metaspace       used 13897K, committed 14208K, reserved 1114112K
  class space    used 1796K, committed 1920K, reserved 1048576K
}
Event: 0.887 GC heap after
{Heap after GC invocations=2 (full 0):
 garbage-first heap   total 129024K, used 10215K [0x0000000083200000, 0x0000000100000000)
  region size 1024K, 3 young (3072K), 3 survivors (3072K)
 Metaspace       used 13897K, committed 14208K, reserved 1114112K
  class space    used 1796K, committed 1920K, reserved 1048576K
}
Event: 1.157 GC heap before
{Heap before GC invocations=2 (full 0):
 garbage-first heap   total 129024K, used 42983K [0x0000000083200000, 0x0000000100000000)
  region size 1024K, 37 young (37888K), 3 survivors (3072K)
 Metaspace       used 20359K, committed 20672K, reserved 1114112K
  class space    used 2672K, committed 2816K, reserved 1048576K
}
Event: 1.162 GC heap after
{Heap after GC invocations=3 (full 0):
 garbage-first heap   total 129024K, used 13618K [0x0000000083200000, 0x0000000100000000)
  region size 1024K, 6 young (6144K), 6 survivors (6144K)
 Metaspace       used 20359K, committed 20672K, reserved 1114112K
  class space    used 2672K, committed 2816K, reserved 1048576K
}
Event: 1.467 GC heap before
{Heap before GC invocations=4 (full 0):
 garbage-first heap   total 51200K, used 38194K [0x0000000083200000, 0x0000000100000000)
  region size 1024K, 30 young (30720K), 6 survivors (6144K)
 Metaspace       used 22999K, committed 23360K, reserved 1114112K
  class space    used 3067K, committed 3200K, reserved 1048576K
}
Event: 1.475 GC heap after
{Heap after GC invocations=5 (full 0):
 garbage-first heap   total 51200K, used 14739K [0x0000000083200000, 0x0000000100000000)
  region size 1024K, 2 young (2048K), 2 survivors (2048K)
 Metaspace       used 22999K, committed 23360K, reserved 1114112K
  class space    used 3067K, committed 3200K, reserved 1048576K
}
Event: 1.775 GC heap before
{Heap before GC invocations=5 (full 0):
 garbage-first heap   total 51200K, used 38291K [0x0000000083200000, 0x0000000100000000)
  region size 1024K, 25 young (25600K), 2 survivors (2048K)
 Metaspace       used 26551K, committed 27072K, reserved 1114112K
  class space    used 3634K, committed 3904K, reserved 1048576K
}
Event: 1.782 GC heap after
{Heap after GC invocations=6 (full 0):
 garbage-first heap   total 51200K, used 17155K [0x0000000083200000, 0x0000000100000000)
  region size 1024K, 4 young (4096K), 4 survivors (4096K)
 Metaspace       used 26551K, committed 27072K, reserved 1114112K
  class space    used 3634K, committed 3904K, reserved 1048576K
}
Event: 2.119 GC heap before
{Heap before GC invocations=6 (full 0):
 garbage-first heap   total 51200K, used 40707K [0x0000000083200000, 0x0000000100000000)
  region size 1024K, 27 young (27648K), 4 survivors (4096K)
 Metaspace       used 30063K, committed 30656K, reserved 1114112K
  class space    used 4094K, committed 4352K, reserved 1048576K
}
Event: 2.128 GC heap after
{Heap after GC invocations=7 (full 0):
 garbage-first heap   total 61440K, used 19456K [0x0000000083200000, 0x0000000100000000)
  region size 1024K, 3 young (3072K), 3 survivors (3072K)
 Metaspace       used 30063K, committed 30656K, reserved 1114112K
  class space    used 4094K, committed 4352K, reserved 1048576K
}
Event: 2.314 GC heap before
{Heap before GC invocations=7 (full 0):
 garbage-first heap   total 61440K, used 34816K [0x0000000083200000, 0x0000000100000000)
  region size 1024K, 20 young (20480K), 3 survivors (3072K)
 Metaspace       used 33974K, committed 34496K, reserved 1114112K
  class space    used 4682K, committed 4928K, reserved 1048576K
}
Event: 2.319 GC heap after
{Heap after GC invocations=8 (full 0):
 garbage-first heap   total 61440K, used 19811K [0x0000000083200000, 0x0000000100000000)
  region size 1024K, 3 young (3072K), 3 survivors (3072K)
 Metaspace       used 33974K, committed 34496K, reserved 1114112K
  class space    used 4682K, committed 4928K, reserved 1048576K
}
Event: 2.861 GC heap before
{Heap before GC invocations=9 (full 0):
 garbage-first heap   total 61440K, used 51555K [0x0000000083200000, 0x0000000100000000)
  region size 1024K, 34 young (34816K), 3 survivors (3072K)
 Metaspace       used 41283K, committed 41856K, reserved 1114112K
  class space    used 5764K, committed 6016K, reserved 1048576K
}
Event: 2.867 GC heap after
{Heap after GC invocations=10 (full 0):
 garbage-first heap   total 61440K, used 21145K [0x0000000083200000, 0x0000000100000000)
  region size 1024K, 4 young (4096K), 4 survivors (4096K)
 Metaspace       used 41283K, committed 41856K, reserved 1114112K
  class space    used 5764K, committed 6016K, reserved 1048576K
}
Event: 3.278 GC heap before
{Heap before GC invocations=10 (full 0):
 garbage-first heap   total 61440K, used 52889K [0x0000000083200000, 0x0000000100000000)
  region size 1024K, 35 young (35840K), 4 survivors (4096K)
 Metaspace       used 48947K, committed 49600K, reserved 1114112K
  class space    used 6896K, committed 7168K, reserved 1048576K
}
Event: 3.287 GC heap after
{Heap after GC invocations=11 (full 0):
 garbage-first heap   total 61440K, used 22231K [0x0000000083200000, 0x0000000100000000)
  region size 1024K, 4 young (4096K), 4 survivors (4096K)
 Metaspace       used 48947K, committed 49600K, reserved 1114112K
  class space    used 6896K, committed 7168K, reserved 1048576K
}
Event: 3.762 GC heap before
{Heap before GC invocations=11 (full 0):
 garbage-first heap   total 61440K, used 53975K [0x0000000083200000, 0x0000000100000000)
  region size 1024K, 35 young (35840K), 4 survivors (4096K)
 Metaspace       used 55208K, committed 55872K, reserved 1114112K
  class space    used 7840K, committed 8128K, reserved 1048576K
}

